2021-03-14 11:50:59,819 INFO org.springframework.boot.StartupInfoLogger [main] Starting MyflightsApplication using Java 11.0.9 on DESKTOP-CGO0SHJ with PID 8680 (C:\Users\aaron\IdeaProjects\MyflightsApplication\target\classes started by aaron in C:\Users\aaron\IdeaProjects\MyflightsApplication)
2021-03-14 11:50:59,846 INFO org.springframework.boot.SpringApplication [main] No active profile set, falling back to default profiles: default
2021-03-14 11:51:01,640 INFO org.springframework.data.repository.config.RepositoryConfigurationDelegate [main] Bootstrapping Spring Data JPA repositories in DEFAULT mode.
2021-03-14 11:51:01,759 INFO org.springframework.data.repository.config.RepositoryConfigurationDelegate [main] Finished Spring Data repository scanning in 97 ms. Found 1 JPA repository interfaces.
2021-03-14 11:51:03,262 INFO org.springframework.boot.web.embedded.tomcat.TomcatWebServer [main] Tomcat initialized with port(s): 8080 (http)
2021-03-14 11:51:03,282 INFO org.apache.juli.logging.DirectJDKLog [main] Initializing ProtocolHandler ["http-nio-8080"]
2021-03-14 11:51:03,284 INFO org.apache.juli.logging.DirectJDKLog [main] Starting service [Tomcat]
2021-03-14 11:51:03,284 INFO org.apache.juli.logging.DirectJDKLog [main] Starting Servlet engine: [Apache Tomcat/9.0.43]
2021-03-14 11:51:03,518 INFO org.apache.juli.logging.DirectJDKLog [main] Initializing Spring embedded WebApplicationContext
2021-03-14 11:51:03,519 INFO org.springframework.boot.web.servlet.context.ServletWebServerApplicationContext [main] Root WebApplicationContext: initialization completed in 3523 ms
2021-03-14 11:51:03,951 INFO org.hibernate.jpa.internal.util.LogHelper [main] HHH000204: Processing PersistenceUnitInfo [name: default]
2021-03-14 11:51:04,059 INFO org.hibernate.Version [main] HHH000412: Hibernate ORM core version 5.4.28.Final
2021-03-14 11:51:04,352 INFO org.hibernate.annotations.common.reflection.java.JavaReflectionManager [main] HCANN000001: Hibernate Commons Annotations {5.1.2.Final}
2021-03-14 11:51:04,549 INFO com.zaxxer.hikari.HikariDataSource [main] HikariPool-1 - Starting...
2021-03-14 11:51:04,885 INFO com.zaxxer.hikari.HikariDataSource [main] HikariPool-1 - Start completed.
2021-03-14 11:51:04,925 INFO org.hibernate.dialect.Dialect [main] HHH000400: Using dialect: org.hibernate.dialect.MySQL55Dialect
2021-03-14 11:51:06,230 INFO org.hibernate.engine.transaction.jta.platform.internal.JtaPlatformInitiator [main] HHH000490: Using JtaPlatform implementation: [org.hibernate.engine.transaction.jta.platform.internal.NoJtaPlatform]
2021-03-14 11:51:06,249 INFO org.springframework.orm.jpa.AbstractEntityManagerFactoryBean [main] Initialized JPA EntityManagerFactory for persistence unit 'default'
2021-03-14 11:51:07,223 WARN org.springframework.boot.autoconfigure.orm.jpa.JpaBaseConfiguration$JpaWebConfiguration [main] spring.jpa.open-in-view is enabled by default. Therefore, database queries may be performed during view rendering. Explicitly configure spring.jpa.open-in-view to disable this warning
2021-03-14 11:51:07,364 INFO org.springframework.scheduling.concurrent.ExecutorConfigurationSupport [main] Initializing ExecutorService 'applicationTaskExecutor'
2021-03-14 11:51:08,936 INFO org.apache.juli.logging.DirectJDKLog [main] Starting ProtocolHandler ["http-nio-8080"]
2021-03-14 11:51:08,973 INFO org.springframework.boot.web.embedded.tomcat.TomcatWebServer [main] Tomcat started on port(s): 8080 (http) with context path ''
2021-03-14 11:51:09,006 INFO org.springframework.boot.StartupInfoLogger [main] Started MyflightsApplication in 10.274 seconds (JVM running for 11.078)
2021-03-14 11:51:12,422 INFO org.apache.juli.logging.DirectJDKLog [http-nio-8080-exec-1] Initializing Spring DispatcherServlet 'dispatcherServlet'
2021-03-14 11:51:12,424 INFO org.springframework.web.servlet.FrameworkServlet [http-nio-8080-exec-1] Initializing Servlet 'dispatcherServlet'
2021-03-14 11:51:12,427 INFO org.springframework.web.servlet.FrameworkServlet [http-nio-8080-exec-1] Completed initialization in 2 ms
2021-03-14 11:51:14,440 INFO org.springdoc.api.AbstractOpenApiResource [http-nio-8080-exec-7] Init duration for springdoc-openapi is: 968 ms
2021-03-14 11:52:38,173 INFO com.aaron.MyflightsApplication.controller.FlightController [http-nio-8080-exec-2] Inicio getFlights
2021-03-14 11:53:08,449 INFO com.aaron.MyflightsApplication.controller.FlightController [http-nio-8080-exec-5] Borrados vuelos con destino Paris
2021-03-14 11:53:40,012 INFO com.aaron.MyflightsApplication.controller.FlightController [http-nio-8080-exec-6] Inicio getFlights
